-- The C compiler identification is GNU 11.4.0
-- The CXX compiler identification is GNU 11.4.0
-- Detecting C compiler ABI info
-- Detecting C compiler ABI info - done
-- Check for working C compiler: /usr/bin/cc - skipped
-- Detecting C compile features
-- Detecting C compile features - done
-- Detecting CXX compiler ABI info
-- Detecting CXX compiler ABI info - done
-- Check for working CXX compiler: /usr/bin/c++ - skipped
-- Detecting CXX compile features
-- Detecting CXX compile features - done
-- Found ament_cmake: 1.3.8 (/opt/ros/humble/share/ament_cmake/cmake)
-- Found Python3: /usr/bin/python3 (found version "3.10.12") found components: Interpreter 
-- Override CMake install command with custom implementation using symlinks instead of copying resources
-- Found rclcpp: 16.0.8 (/opt/ros/humble/share/rclcpp/cmake)
-- Found rosidl_generator_c: 3.1.5 (/opt/ros/humble/share/rosidl_generator_c/cmake)
-- Found rosidl_adapter: 3.1.5 (/opt/ros/humble/share/rosidl_adapter/cmake)
-- Found rosidl_generator_cpp: 3.1.5 (/opt/ros/humble/share/rosidl_generator_cpp/cmake)
-- Using all available rosidl_typesupport_c: rosidl_typesupport_fastrtps_c;rosidl_typesupport_introspection_c
-- Using all available rosidl_typesupport_cpp: rosidl_typesupport_fastrtps_cpp;rosidl_typesupport_introspection_cpp
-- Found rmw_implementation_cmake: 6.1.1 (/opt/ros/humble/share/rmw_implementation_cmake/cmake)
-- Found rmw_fastrtps_cpp: 6.2.6 (/opt/ros/humble/share/rmw_fastrtps_cpp/cmake)
-- Found OpenSSL: /usr/lib/x86_64-linux-gnu/libcrypto.so (found version "3.0.2")  
-- Found FastRTPS: /opt/ros/humble/include  
-- Using RMW implementation 'rmw_fastrtps_cpp' as default
-- Looking for pthread.h
-- Looking for pthread.h - found
-- Performing Test CMAKE_HAVE_LIBC_PTHREAD
-- Performing Test CMAKE_HAVE_LIBC_PTHREAD - Success
-- Found Threads: TRUE  
-- Found rclcpp_action: 16.0.8 (/opt/ros/humble/share/rclcpp_action/cmake)
-- Found plansys2_msgs: 2.0.9 (/opt/ros/humble/share/plansys2_msgs/cmake)
-- Found plansys2_executor: 2.0.9 (/opt/ros/humble/share/plansys2_executor/cmake)
-- Found ament_lint_auto: 0.12.10 (/opt/ros/humble/share/ament_lint_auto/cmake)
-- Added test 'copyright' to check source files copyright and LICENSE
-- Added test 'cppcheck' to perform static code analysis on C / C++ code
-- Configured cppcheck include dirs: 
-- Configured cppcheck exclude dirs and/or files: 
-- Added test 'cpplint' to check C / C++ code against the Google style
-- Configured cpplint exclude dirs and/or files: 
-- Added test 'flake8' to check Python code syntax and style conventions
-- Added test 'lint_cmake' to check CMake code style
-- Added test 'pep257' to check Python code against some of the docstring style conventions in PEP 257
-- Added test 'uncrustify' to check C / C++ code style
-- Configured uncrustify additional arguments: 
-- Added test 'xmllint' to check XML markup files
-- Configuring done
-- Generating done
-- Build files have been written to: /workspace/p5_pkg/build/p5_pkg
[ 10%] [32mBuilding CXX object CMakeFiles/move_action_node.dir/src/move_action_node.cpp.o[0m
[ 50%] [32mBuilding CXX object CMakeFiles/leave_box_action_node.dir/src/leave_box_action_node.cpp.o[0m
[ 50%] [32mBuilding CXX object CMakeFiles/fill_box_action_node.dir/src/fill_box_action_node.cpp.o[0m
[ 50%] [32mBuilding CXX object CMakeFiles/deliver_supply_to_workstation_action_node.dir/src/deliver_supply_to_workstation_action_node.cpp.o[0m
[ 50%] [32mBuilding CXX object CMakeFiles/load_box_action_node.dir/src/load_box_action_node.cpp.o[0m
[ 60%] [32m[1mLinking CXX executable deliver_supply_to_workstation_action_node[0m
[ 80%] [32m[1mLinking CXX executable fill_box_action_node[0m
[ 80%] [32m[1mLinking CXX executable load_box_action_node[0m
[ 90%] [32m[1mLinking CXX executable move_action_node[0m
[100%] [32m[1mLinking CXX executable leave_box_action_node[0m
[100%] Built target fill_box_action_node
[100%] Built target deliver_supply_to_workstation_action_node
[100%] Built target move_action_node
[100%] Built target load_box_action_node
[100%] Built target leave_box_action_node
-- Install configuration: ""
-- Execute custom install script
-- Symlinking: /workspace/p5_pkg/install/p5_pkg/share/p5_pkg/launch/commands
-- Symlinking: /workspace/p5_pkg/install/p5_pkg/share/p5_pkg/launch/p5_pkg_launch.py
-- Symlinking: /workspace/p5_pkg/install/p5_pkg/share/p5_pkg/pddl/domain.pddl
-- Symlinking: /workspace/p5_pkg/install/p5_pkg/lib/p5_pkg/move_action_node
-- Symlinking: /workspace/p5_pkg/install/p5_pkg/lib/p5_pkg/load_box_action_node
-- Symlinking: /workspace/p5_pkg/install/p5_pkg/lib/p5_pkg/leave_box_action_node
-- Symlinking: /workspace/p5_pkg/install/p5_pkg/lib/p5_pkg/fill_box_action_node
-- Symlinking: /workspace/p5_pkg/install/p5_pkg/lib/p5_pkg/deliver_supply_to_workstation_action_node
-- Symlinking: /workspace/p5_pkg/install/p5_pkg/share/ament_index/resource_index/package_run_dependencies/p5_pkg
-- Symlinking: /workspace/p5_pkg/install/p5_pkg/share/ament_index/resource_index/parent_prefix_path/p5_pkg
-- Symlinking: /workspace/p5_pkg/install/p5_pkg/share/p5_pkg/environment/ament_prefix_path.sh
-- Symlinking: /workspace/p5_pkg/install/p5_pkg/share/p5_pkg/environment/ament_prefix_path.dsv
-- Symlinking: /workspace/p5_pkg/install/p5_pkg/share/p5_pkg/environment/path.sh
-- Symlinking: /workspace/p5_pkg/install/p5_pkg/share/p5_pkg/environment/path.dsv
-- Symlinking: /workspace/p5_pkg/install/p5_pkg/share/p5_pkg/local_setup.bash
-- Symlinking: /workspace/p5_pkg/install/p5_pkg/share/p5_pkg/local_setup.sh
-- Symlinking: /workspace/p5_pkg/install/p5_pkg/share/p5_pkg/local_setup.zsh
-- Symlinking: /workspace/p5_pkg/install/p5_pkg/share/p5_pkg/local_setup.dsv
-- Symlinking: /workspace/p5_pkg/install/p5_pkg/share/p5_pkg/package.dsv
-- Symlinking: /workspace/p5_pkg/install/p5_pkg/share/ament_index/resource_index/packages/p5_pkg
-- Symlinking: /workspace/p5_pkg/install/p5_pkg/share/p5_pkg/cmake/ament_cmake_export_dependencies-extras.cmake
-- Symlinking: /workspace/p5_pkg/install/p5_pkg/share/p5_pkg/cmake/p5_pkgConfig.cmake
-- Symlinking: /workspace/p5_pkg/install/p5_pkg/share/p5_pkg/cmake/p5_pkgConfig-version.cmake
-- Symlinking: /workspace/p5_pkg/install/p5_pkg/share/p5_pkg/package.xml
