[0.034s] Invoking command in '/workspace/p5_pkg/build/p5_pkg': CMAKE_PREFIX_PATH=${CMAKE_PREFIX_PATH}:/opt/ros/humble /usr/bin/cmake /workspace/p5_pkg -DAMENT_CMAKE_SYMLINK_INSTALL=1 -DCMAKE_INSTALL_PREFIX=/workspace/p5_pkg/install/p5_pkg
[0.225s] -- The C compiler identification is GNU 11.4.0
[0.289s] -- The CXX compiler identification is GNU 11.4.0
[0.294s] -- Detecting C compiler ABI info
[0.340s] -- Detecting C compiler ABI info - done
[0.345s] -- Check for working C compiler: /usr/bin/cc - skipped
[0.345s] -- Detecting C compile features
[0.346s] -- Detecting C compile features - done
[0.348s] -- Detecting CXX compiler ABI info
[0.394s] -- Detecting CXX compiler ABI info - done
[0.399s] -- Check for working CXX compiler: /usr/bin/c++ - skipped
[0.399s] -- Detecting CXX compile features
[0.399s] -- Detecting CXX compile features - done
[0.402s] -- Found ament_cmake: 1.3.8 (/opt/ros/humble/share/ament_cmake/cmake)
[0.509s] -- Found Python3: /usr/bin/python3 (found version "3.10.12") found components: Interpreter 
[0.558s] -- Override CMake install command with custom implementation using symlinks instead of copying resources
[0.580s] -- Found rclcpp: 16.0.8 (/opt/ros/humble/share/rclcpp/cmake)
[0.612s] -- Found rosidl_generator_c: 3.1.5 (/opt/ros/humble/share/rosidl_generator_c/cmake)
[0.616s] -- Found rosidl_adapter: 3.1.5 (/opt/ros/humble/share/rosidl_adapter/cmake)
[0.623s] -- Found rosidl_generator_cpp: 3.1.5 (/opt/ros/humble/share/rosidl_generator_cpp/cmake)
[0.633s] -- Using all available rosidl_typesupport_c: rosidl_typesupport_fastrtps_c;rosidl_typesupport_introspection_c
[0.647s] -- Using all available rosidl_typesupport_cpp: rosidl_typesupport_fastrtps_cpp;rosidl_typesupport_introspection_cpp
[0.697s] -- Found rmw_implementation_cmake: 6.1.1 (/opt/ros/humble/share/rmw_implementation_cmake/cmake)
[0.700s] -- Found rmw_fastrtps_cpp: 6.2.6 (/opt/ros/humble/share/rmw_fastrtps_cpp/cmake)
[0.776s] -- Found OpenSSL: /usr/lib/x86_64-linux-gnu/libcrypto.so (found version "3.0.2")  
[0.792s] -- Found FastRTPS: /opt/ros/humble/include  
[0.823s] -- Using RMW implementation 'rmw_fastrtps_cpp' as default
[0.830s] -- Looking for pthread.h
[0.875s] -- Looking for pthread.h - found
[0.875s] -- Performing Test CMAKE_HAVE_LIBC_PTHREAD
[0.934s] -- Performing Test CMAKE_HAVE_LIBC_PTHREAD - Success
[0.935s] -- Found Threads: TRUE  
[1.044s] -- Found rclcpp_action: 16.0.8 (/opt/ros/humble/share/rclcpp_action/cmake)
[1.108s] -- Found plansys2_msgs: 2.0.9 (/opt/ros/humble/share/plansys2_msgs/cmake)
[1.167s] -- Found plansys2_executor: 2.0.9 (/opt/ros/humble/share/plansys2_executor/cmake)
[4.483s] -- Found ament_lint_auto: 0.12.10 (/opt/ros/humble/share/ament_lint_auto/cmake)
[4.548s] -- Added test 'copyright' to check source files copyright and LICENSE
[4.551s] -- Added test 'cppcheck' to perform static code analysis on C / C++ code
[4.551s] -- Configured cppcheck include dirs: 
[4.551s] -- Configured cppcheck exclude dirs and/or files: 
[4.554s] -- Added test 'cpplint' to check C / C++ code against the Google style
[4.554s] -- Configured cpplint exclude dirs and/or files: 
[4.555s] -- Added test 'flake8' to check Python code syntax and style conventions
[4.556s] -- Added test 'lint_cmake' to check CMake code style
[4.557s] -- Added test 'pep257' to check Python code against some of the docstring style conventions in PEP 257
[4.560s] -- Added test 'uncrustify' to check C / C++ code style
[4.560s] -- Configured uncrustify additional arguments: 
[4.561s] -- Added test 'xmllint' to check XML markup files
[4.563s] -- Configuring done
[4.611s] -- Generating done
[4.613s] -- Build files have been written to: /workspace/p5_pkg/build/p5_pkg
[4.623s] Invoked command in '/workspace/p5_pkg/build/p5_pkg' returned '0': CMAKE_PREFIX_PATH=${CMAKE_PREFIX_PATH}:/opt/ros/humble /usr/bin/cmake /workspace/p5_pkg -DAMENT_CMAKE_SYMLINK_INSTALL=1 -DCMAKE_INSTALL_PREFIX=/workspace/p5_pkg/install/p5_pkg
[4.624s] Invoking command in '/workspace/p5_pkg/build/p5_pkg': CMAKE_PREFIX_PATH=${CMAKE_PREFIX_PATH}:/opt/ros/humble /usr/bin/cmake --build /workspace/p5_pkg/build/p5_pkg -- -j20 -l20
[4.654s] [ 10%] [32mBuilding CXX object CMakeFiles/move_action_node.dir/src/move_action_node.cpp.o[0m
[4.654s] [ 50%] [32mBuilding CXX object CMakeFiles/leave_box_action_node.dir/src/leave_box_action_node.cpp.o[0m
[4.655s] [ 50%] [32mBuilding CXX object CMakeFiles/fill_box_action_node.dir/src/fill_box_action_node.cpp.o[0m
[4.655s] [ 50%] [32mBuilding CXX object CMakeFiles/deliver_supply_to_workstation_action_node.dir/src/deliver_supply_to_workstation_action_node.cpp.o[0m
[4.655s] [ 50%] [32mBuilding CXX object CMakeFiles/load_box_action_node.dir/src/load_box_action_node.cpp.o[0m
[8.472s] [ 60%] [32m[1mLinking CXX executable deliver_supply_to_workstation_action_node[0m
[8.473s] [ 80%] [32m[1mLinking CXX executable fill_box_action_node[0m
[8.473s] [ 80%] [32m[1mLinking CXX executable load_box_action_node[0m
[8.487s] [ 90%] [32m[1mLinking CXX executable move_action_node[0m
[8.504s] [100%] [32m[1mLinking CXX executable leave_box_action_node[0m
[8.641s] [100%] Built target fill_box_action_node
[8.642s] [100%] Built target deliver_supply_to_workstation_action_node
[8.652s] [100%] Built target move_action_node
[8.652s] [100%] Built target load_box_action_node
[8.662s] [100%] Built target leave_box_action_node
[8.670s] Invoked command in '/workspace/p5_pkg/build/p5_pkg' returned '0': CMAKE_PREFIX_PATH=${CMAKE_PREFIX_PATH}:/opt/ros/humble /usr/bin/cmake --build /workspace/p5_pkg/build/p5_pkg -- -j20 -l20
[8.697s] Invoking command in '/workspace/p5_pkg/build/p5_pkg': CMAKE_PREFIX_PATH=${CMAKE_PREFIX_PATH}:/opt/ros/humble /usr/bin/cmake --install /workspace/p5_pkg/build/p5_pkg
[8.701s] -- Install configuration: ""
[8.701s] -- Execute custom install script
[8.701s] -- Symlinking: /workspace/p5_pkg/install/p5_pkg/share/p5_pkg/launch/commands
[8.706s] -- Symlinking: /workspace/p5_pkg/install/p5_pkg/share/p5_pkg/launch/p5_pkg_launch.py
[8.711s] -- Symlinking: /workspace/p5_pkg/install/p5_pkg/share/p5_pkg/pddl/domain.pddl
[8.715s] -- Symlinking: /workspace/p5_pkg/install/p5_pkg/lib/p5_pkg/move_action_node
[8.720s] -- Symlinking: /workspace/p5_pkg/install/p5_pkg/lib/p5_pkg/load_box_action_node
[8.724s] -- Symlinking: /workspace/p5_pkg/install/p5_pkg/lib/p5_pkg/leave_box_action_node
[8.729s] -- Symlinking: /workspace/p5_pkg/install/p5_pkg/lib/p5_pkg/fill_box_action_node
[8.733s] -- Symlinking: /workspace/p5_pkg/install/p5_pkg/lib/p5_pkg/deliver_supply_to_workstation_action_node
[8.738s] -- Symlinking: /workspace/p5_pkg/install/p5_pkg/share/ament_index/resource_index/package_run_dependencies/p5_pkg
[8.743s] -- Symlinking: /workspace/p5_pkg/install/p5_pkg/share/ament_index/resource_index/parent_prefix_path/p5_pkg
[8.747s] -- Symlinking: /workspace/p5_pkg/install/p5_pkg/share/p5_pkg/environment/ament_prefix_path.sh
[8.751s] -- Symlinking: /workspace/p5_pkg/install/p5_pkg/share/p5_pkg/environment/ament_prefix_path.dsv
[8.755s] -- Symlinking: /workspace/p5_pkg/install/p5_pkg/share/p5_pkg/environment/path.sh
[8.759s] -- Symlinking: /workspace/p5_pkg/install/p5_pkg/share/p5_pkg/environment/path.dsv
[8.763s] -- Symlinking: /workspace/p5_pkg/install/p5_pkg/share/p5_pkg/local_setup.bash
[8.767s] -- Symlinking: /workspace/p5_pkg/install/p5_pkg/share/p5_pkg/local_setup.sh
[8.771s] -- Symlinking: /workspace/p5_pkg/install/p5_pkg/share/p5_pkg/local_setup.zsh
[8.775s] -- Symlinking: /workspace/p5_pkg/install/p5_pkg/share/p5_pkg/local_setup.dsv
[8.779s] -- Symlinking: /workspace/p5_pkg/install/p5_pkg/share/p5_pkg/package.dsv
[8.784s] -- Symlinking: /workspace/p5_pkg/install/p5_pkg/share/ament_index/resource_index/packages/p5_pkg
[8.789s] -- Symlinking: /workspace/p5_pkg/install/p5_pkg/share/p5_pkg/cmake/ament_cmake_export_dependencies-extras.cmake
[8.794s] -- Symlinking: /workspace/p5_pkg/install/p5_pkg/share/p5_pkg/cmake/p5_pkgConfig.cmake
[8.800s] -- Symlinking: /workspace/p5_pkg/install/p5_pkg/share/p5_pkg/cmake/p5_pkgConfig-version.cmake
[8.805s] -- Symlinking: /workspace/p5_pkg/install/p5_pkg/share/p5_pkg/package.xml
[8.811s] Invoked command in '/workspace/p5_pkg/build/p5_pkg' returned '0': CMAKE_PREFIX_PATH=${CMAKE_PREFIX_PATH}:/opt/ros/humble /usr/bin/cmake --install /workspace/p5_pkg/build/p5_pkg
