[0.026s] Invoking command in '/workspace/p5_pkg/build/p5_pkg': CMAKE_PREFIX_PATH=/opt/ros/humble /usr/bin/cmake --build /workspace/p5_pkg/build/p5_pkg -- -j20 -l20
[0.051s] [35m[1mConsolidate compiler generated dependencies of target move_action_node[0m
[0.051s] [35m[1mConsolidate compiler generated dependencies of target load_box_action_node[0m
[0.051s] [35m[1mConsolidate compiler generated dependencies of target leave_box_action_node[0m
[0.051s] [35m[1mConsolidate compiler generated dependencies of target fill_box_action_node[0m
[0.052s] [35m[1mConsolidate compiler generated dependencies of target deliver_supply_to_workstation_action_node[0m
[0.069s] [ 20%] [32mBuilding CXX object CMakeFiles/fill_box_action_node.dir/src/fill_box_action_node.cpp.o[0m
[0.069s] [ 20%] [32mBuilding CXX object CMakeFiles/leave_box_action_node.dir/src/leave_box_action_node.cpp.o[0m
[0.069s] [ 50%] [32mBuilding CXX object CMakeFiles/deliver_supply_to_workstation_action_node.dir/src/deliver_supply_to_workstation_action_node.cpp.o[0m
[0.069s] [ 50%] [32mBuilding CXX object CMakeFiles/load_box_action_node.dir/src/load_box_action_node.cpp.o[0m
[0.069s] [ 50%] [32mBuilding CXX object CMakeFiles/move_action_node.dir/src/move_action_node.cpp.o[0m
[3.606s] [ 60%] [32m[1mLinking CXX executable load_box_action_node[0m
[3.640s] [ 70%] [32m[1mLinking CXX executable move_action_node[0m
[3.679s] [ 80%] [32m[1mLinking CXX executable leave_box_action_node[0m
[3.679s] [ 90%] [32m[1mLinking CXX executable fill_box_action_node[0m
[3.679s] [100%] [32m[1mLinking CXX executable deliver_supply_to_workstation_action_node[0m
[3.736s] [100%] Built target load_box_action_node
[3.783s] [100%] Built target move_action_node
[3.817s] [100%] Built target deliver_supply_to_workstation_action_node
[3.817s] [100%] Built target leave_box_action_node
[3.817s] [100%] Built target fill_box_action_node
[3.822s] Invoked command in '/workspace/p5_pkg/build/p5_pkg' returned '0': CMAKE_PREFIX_PATH=/opt/ros/humble /usr/bin/cmake --build /workspace/p5_pkg/build/p5_pkg -- -j20 -l20
[3.845s] Invoking command in '/workspace/p5_pkg/build/p5_pkg': CMAKE_PREFIX_PATH=/opt/ros/humble /usr/bin/cmake --install /workspace/p5_pkg/build/p5_pkg
[3.849s] -- Install configuration: ""
[3.849s] -- Execute custom install script
[3.850s] -- Up-to-date symlink: /workspace/p5_pkg/install/p5_pkg/share/p5_pkg/launch/commands
[3.850s] -- Up-to-date symlink: /workspace/p5_pkg/install/p5_pkg/share/p5_pkg/launch/p5_pkg_launch.py
[3.850s] -- Up-to-date symlink: /workspace/p5_pkg/install/p5_pkg/share/p5_pkg/pddl/domain.pddl
[3.850s] -- Up-to-date symlink: /workspace/p5_pkg/install/p5_pkg/lib/p5_pkg/move_action_node
[3.850s] -- Up-to-date symlink: /workspace/p5_pkg/install/p5_pkg/lib/p5_pkg/load_box_action_node
[3.850s] -- Up-to-date symlink: /workspace/p5_pkg/install/p5_pkg/lib/p5_pkg/leave_box_action_node
[3.850s] -- Up-to-date symlink: /workspace/p5_pkg/install/p5_pkg/lib/p5_pkg/fill_box_action_node
[3.850s] -- Up-to-date symlink: /workspace/p5_pkg/install/p5_pkg/lib/p5_pkg/deliver_supply_to_workstation_action_node
[3.850s] -- Up-to-date symlink: /workspace/p5_pkg/install/p5_pkg/share/ament_index/resource_index/package_run_dependencies/p5_pkg
[3.850s] -- Up-to-date symlink: /workspace/p5_pkg/install/p5_pkg/share/ament_index/resource_index/parent_prefix_path/p5_pkg
[3.850s] -- Up-to-date symlink: /workspace/p5_pkg/install/p5_pkg/share/p5_pkg/environment/ament_prefix_path.sh
[3.851s] -- Up-to-date symlink: /workspace/p5_pkg/install/p5_pkg/share/p5_pkg/environment/ament_prefix_path.dsv
[3.851s] -- Up-to-date symlink: /workspace/p5_pkg/install/p5_pkg/share/p5_pkg/environment/path.sh
[3.851s] -- Up-to-date symlink: /workspace/p5_pkg/install/p5_pkg/share/p5_pkg/environment/path.dsv
[3.851s] -- Up-to-date symlink: /workspace/p5_pkg/install/p5_pkg/share/p5_pkg/local_setup.bash
[3.851s] -- Up-to-date symlink: /workspace/p5_pkg/install/p5_pkg/share/p5_pkg/local_setup.sh
[3.851s] -- Up-to-date symlink: /workspace/p5_pkg/install/p5_pkg/share/p5_pkg/local_setup.zsh
[3.851s] -- Up-to-date symlink: /workspace/p5_pkg/install/p5_pkg/share/p5_pkg/local_setup.dsv
[3.851s] -- Symlinking: /workspace/p5_pkg/install/p5_pkg/share/p5_pkg/package.dsv
[3.855s] -- Up-to-date symlink: /workspace/p5_pkg/install/p5_pkg/share/ament_index/resource_index/packages/p5_pkg
[3.855s] -- Up-to-date symlink: /workspace/p5_pkg/install/p5_pkg/share/p5_pkg/cmake/ament_cmake_export_dependencies-extras.cmake
[3.855s] -- Up-to-date symlink: /workspace/p5_pkg/install/p5_pkg/share/p5_pkg/cmake/p5_pkgConfig.cmake
[3.856s] -- Up-to-date symlink: /workspace/p5_pkg/install/p5_pkg/share/p5_pkg/cmake/p5_pkgConfig-version.cmake
[3.856s] -- Up-to-date symlink: /workspace/p5_pkg/install/p5_pkg/share/p5_pkg/package.xml
[3.857s] Invoked command in '/workspace/p5_pkg/build/p5_pkg' returned '0': CMAKE_PREFIX_PATH=/opt/ros/humble /usr/bin/cmake --install /workspace/p5_pkg/build/p5_pkg
