-- Found ament_cmake: 1.3.8 (/opt/ros/humble/share/ament_cmake/cmake)
-- Override CMake install command with custom implementation using symlinks instead of copying resources
-- Found rclcpp: 16.0.8 (/opt/ros/humble/share/rclcpp/cmake)
-- Found rosidl_generator_c: 3.1.5 (/opt/ros/humble/share/rosidl_generator_c/cmake)
-- Found rosidl_adapter: 3.1.5 (/opt/ros/humble/share/rosidl_adapter/cmake)
-- Found rosidl_generator_cpp: 3.1.5 (/opt/ros/humble/share/rosidl_generator_cpp/cmake)
-- Using all available rosidl_typesupport_c: rosidl_typesupport_fastrtps_c;rosidl_typesupport_introspection_c
-- Using all available rosidl_typesupport_cpp: rosidl_typesupport_fastrtps_cpp;rosidl_typesupport_introspection_cpp
-- Found rmw_implementation_cmake: 6.1.1 (/opt/ros/humble/share/rmw_implementation_cmake/cmake)
-- Found rmw_fastrtps_cpp: 6.2.6 (/opt/ros/humble/share/rmw_fastrtps_cpp/cmake)
-- Using RMW implementation 'rmw_fastrtps_cpp' as default
-- Found rclcpp_action: 16.0.8 (/opt/ros/humble/share/rclcpp_action/cmake)
-- Found plansys2_msgs: 2.0.9 (/opt/ros/humble/share/plansys2_msgs/cmake)
-- Found plansys2_executor: 2.0.9 (/opt/ros/humble/share/plansys2_executor/cmake)
-- Found ament_lint_auto: 0.12.10 (/opt/ros/humble/share/ament_lint_auto/cmake)
-- Added test 'copyright' to check source files copyright and LICENSE
-- Added test 'cppcheck' to perform static code analysis on C / C++ code
-- Configured cppcheck include dirs: 
-- Configured cppcheck exclude dirs and/or files: 
-- Added test 'cpplint' to check C / C++ code against the Google style
-- Configured cpplint exclude dirs and/or files: 
-- Added test 'flake8' to check Python code syntax and style conventions
-- Added test 'lint_cmake' to check CMake code style
-- Added test 'pep257' to check Python code against some of the docstring style conventions in PEP 257
-- Added test 'uncrustify' to check C / C++ code style
-- Configured uncrustify additional arguments: 
-- Added test 'xmllint' to check XML markup files
-- Configuring done
-- Generating done
-- Build files have been written to: /workspace/p5_pkg/build/p5_pkg
[35m[1mConsolidate compiler generated dependencies of target move_action_node[0m
[35m[1mConsolidate compiler generated dependencies of target load_box_action_node[0m
[35m[1mConsolidate compiler generated dependencies of target leave_box_action_node[0m
[35m[1mConsolidate compiler generated dependencies of target fill_box_action_node[0m
[35m[1mConsolidate compiler generated dependencies of target deliver_supply_to_workstation_action_node[0m
[ 70%] [32mBuilding CXX object CMakeFiles/move_action_node.dir/src/move_action_node.cpp.o[0m
[ 70%] [32mBuilding CXX object CMakeFiles/leave_box_action_node.dir/src/leave_box_action_node.cpp.o[0m
[ 70%] Built target load_box_action_node
[ 80%] Built target deliver_supply_to_workstation_action_node
[ 80%] Built target fill_box_action_node
[ 90%] [32m[1mLinking CXX executable move_action_node[0m
[ 90%] Built target move_action_node
[100%] [32m[1mLinking CXX executable leave_box_action_node[0m
[100%] Built target leave_box_action_node
-- Install configuration: ""
-- Execute custom install script
-- Up-to-date symlink: /workspace/p5_pkg/install/p5_pkg/share/p5_pkg/launch/commands
-- Up-to-date symlink: /workspace/p5_pkg/install/p5_pkg/share/p5_pkg/launch/p5_pkg_launch.py
-- Up-to-date symlink: /workspace/p5_pkg/install/p5_pkg/share/p5_pkg/pddl/domain.pddl
-- Up-to-date symlink: /workspace/p5_pkg/install/p5_pkg/lib/p5_pkg/move_action_node
-- Up-to-date symlink: /workspace/p5_pkg/install/p5_pkg/lib/p5_pkg/load_box_action_node
-- Up-to-date symlink: /workspace/p5_pkg/install/p5_pkg/lib/p5_pkg/leave_box_action_node
-- Up-to-date symlink: /workspace/p5_pkg/install/p5_pkg/lib/p5_pkg/fill_box_action_node
-- Up-to-date symlink: /workspace/p5_pkg/install/p5_pkg/lib/p5_pkg/deliver_supply_to_workstation_action_node
-- Up-to-date symlink: /workspace/p5_pkg/install/p5_pkg/share/ament_index/resource_index/package_run_dependencies/p5_pkg
-- Up-to-date symlink: /workspace/p5_pkg/install/p5_pkg/share/ament_index/resource_index/parent_prefix_path/p5_pkg
-- Up-to-date symlink: /workspace/p5_pkg/install/p5_pkg/share/p5_pkg/environment/ament_prefix_path.sh
-- Up-to-date symlink: /workspace/p5_pkg/install/p5_pkg/share/p5_pkg/environment/ament_prefix_path.dsv
-- Up-to-date symlink: /workspace/p5_pkg/install/p5_pkg/share/p5_pkg/environment/path.sh
-- Up-to-date symlink: /workspace/p5_pkg/install/p5_pkg/share/p5_pkg/environment/path.dsv
-- Up-to-date symlink: /workspace/p5_pkg/install/p5_pkg/share/p5_pkg/local_setup.bash
-- Up-to-date symlink: /workspace/p5_pkg/install/p5_pkg/share/p5_pkg/local_setup.sh
-- Up-to-date symlink: /workspace/p5_pkg/install/p5_pkg/share/p5_pkg/local_setup.zsh
-- Up-to-date symlink: /workspace/p5_pkg/install/p5_pkg/share/p5_pkg/local_setup.dsv
-- Symlinking: /workspace/p5_pkg/install/p5_pkg/share/p5_pkg/package.dsv
-- Up-to-date symlink: /workspace/p5_pkg/install/p5_pkg/share/ament_index/resource_index/packages/p5_pkg
-- Up-to-date symlink: /workspace/p5_pkg/install/p5_pkg/share/p5_pkg/cmake/ament_cmake_export_dependencies-extras.cmake
-- Up-to-date symlink: /workspace/p5_pkg/install/p5_pkg/share/p5_pkg/cmake/p5_pkgConfig.cmake
-- Up-to-date symlink: /workspace/p5_pkg/install/p5_pkg/share/p5_pkg/cmake/p5_pkgConfig-version.cmake
-- Up-to-date symlink: /workspace/p5_pkg/install/p5_pkg/share/p5_pkg/package.xml
