[0.032s] Invoking command in '/workspace/p5_pkg/build/p5_pkg': CMAKE_PREFIX_PATH=/opt/ros/humble /usr/bin/cmake --build /workspace/p5_pkg/build/p5_pkg -- -j20 -l20
[0.086s] -- Found ament_cmake: 1.3.8 (/opt/ros/humble/share/ament_cmake/cmake)
[0.167s] -- Override CMake install command with custom implementation using symlinks instead of copying resources
[0.175s] -- Found rclcpp: 16.0.8 (/opt/ros/humble/share/rclcpp/cmake)
[0.199s] -- Found rosidl_generator_c: 3.1.5 (/opt/ros/humble/share/rosidl_generator_c/cmake)
[0.201s] -- Found rosidl_adapter: 3.1.5 (/opt/ros/humble/share/rosidl_adapter/cmake)
[0.205s] -- Found rosidl_generator_cpp: 3.1.5 (/opt/ros/humble/share/rosidl_generator_cpp/cmake)
[0.214s] -- Using all available rosidl_typesupport_c: rosidl_typesupport_fastrtps_c;rosidl_typesupport_introspection_c
[0.225s] -- Using all available rosidl_typesupport_cpp: rosidl_typesupport_fastrtps_cpp;rosidl_typesupport_introspection_cpp
[0.267s] -- Found rmw_implementation_cmake: 6.1.1 (/opt/ros/humble/share/rmw_implementation_cmake/cmake)
[0.269s] -- Found rmw_fastrtps_cpp: 6.2.6 (/opt/ros/humble/share/rmw_fastrtps_cpp/cmake)
[0.358s] -- Using RMW implementation 'rmw_fastrtps_cpp' as default
[0.467s] -- Found rclcpp_action: 16.0.8 (/opt/ros/humble/share/rclcpp_action/cmake)
[0.528s] -- Found plansys2_msgs: 2.0.9 (/opt/ros/humble/share/plansys2_msgs/cmake)
[0.587s] -- Found plansys2_executor: 2.0.9 (/opt/ros/humble/share/plansys2_executor/cmake)
[3.838s] -- Found ament_lint_auto: 0.12.10 (/opt/ros/humble/share/ament_lint_auto/cmake)
[3.892s] -- Added test 'copyright' to check source files copyright and LICENSE
[3.899s] -- Added test 'cppcheck' to perform static code analysis on C / C++ code
[3.899s] -- Configured cppcheck include dirs: 
[3.899s] -- Configured cppcheck exclude dirs and/or files: 
[3.907s] -- Added test 'cpplint' to check C / C++ code against the Google style
[3.907s] -- Configured cpplint exclude dirs and/or files: 
[3.908s] -- Added test 'flake8' to check Python code syntax and style conventions
[3.910s] -- Added test 'lint_cmake' to check CMake code style
[3.911s] -- Added test 'pep257' to check Python code against some of the docstring style conventions in PEP 257
[3.919s] -- Added test 'uncrustify' to check C / C++ code style
[3.919s] -- Configured uncrustify additional arguments: 
[3.920s] -- Added test 'xmllint' to check XML markup files
[3.923s] -- Configuring done
[3.984s] -- Generating done
[3.985s] -- Build files have been written to: /workspace/p5_pkg/build/p5_pkg
[4.003s] [35m[1mConsolidate compiler generated dependencies of target move_action_node[0m
[4.003s] [35m[1mConsolidate compiler generated dependencies of target load_box_action_node[0m
[4.004s] [35m[1mConsolidate compiler generated dependencies of target leave_box_action_node[0m
[4.004s] [35m[1mConsolidate compiler generated dependencies of target fill_box_action_node[0m
[4.004s] [35m[1mConsolidate compiler generated dependencies of target deliver_supply_to_workstation_action_node[0m
[4.033s] [ 70%] [32mBuilding CXX object CMakeFiles/move_action_node.dir/src/move_action_node.cpp.o[0m
[4.033s] [ 70%] [32mBuilding CXX object CMakeFiles/leave_box_action_node.dir/src/leave_box_action_node.cpp.o[0m
[4.033s] [ 70%] Built target load_box_action_node
[4.034s] [ 80%] Built target deliver_supply_to_workstation_action_node
[4.034s] [ 80%] Built target fill_box_action_node
[7.235s] [ 90%] [32m[1mLinking CXX executable move_action_node[0m
[7.357s] [ 90%] Built target move_action_node
[7.363s] [100%] [32m[1mLinking CXX executable leave_box_action_node[0m
[7.469s] [100%] Built target leave_box_action_node
[7.475s] Invoked command in '/workspace/p5_pkg/build/p5_pkg' returned '0': CMAKE_PREFIX_PATH=/opt/ros/humble /usr/bin/cmake --build /workspace/p5_pkg/build/p5_pkg -- -j20 -l20
[7.500s] Invoking command in '/workspace/p5_pkg/build/p5_pkg': CMAKE_PREFIX_PATH=/opt/ros/humble /usr/bin/cmake --install /workspace/p5_pkg/build/p5_pkg
[7.504s] -- Install configuration: ""
[7.504s] -- Execute custom install script
[7.504s] -- Up-to-date symlink: /workspace/p5_pkg/install/p5_pkg/share/p5_pkg/launch/commands
[7.504s] -- Up-to-date symlink: /workspace/p5_pkg/install/p5_pkg/share/p5_pkg/launch/p5_pkg_launch.py
[7.505s] -- Up-to-date symlink: /workspace/p5_pkg/install/p5_pkg/share/p5_pkg/pddl/domain.pddl
[7.505s] -- Up-to-date symlink: /workspace/p5_pkg/install/p5_pkg/lib/p5_pkg/move_action_node
[7.505s] -- Up-to-date symlink: /workspace/p5_pkg/install/p5_pkg/lib/p5_pkg/load_box_action_node
[7.505s] -- Up-to-date symlink: /workspace/p5_pkg/install/p5_pkg/lib/p5_pkg/leave_box_action_node
[7.505s] -- Up-to-date symlink: /workspace/p5_pkg/install/p5_pkg/lib/p5_pkg/fill_box_action_node
[7.505s] -- Up-to-date symlink: /workspace/p5_pkg/install/p5_pkg/lib/p5_pkg/deliver_supply_to_workstation_action_node
[7.505s] -- Up-to-date symlink: /workspace/p5_pkg/install/p5_pkg/share/ament_index/resource_index/package_run_dependencies/p5_pkg
[7.506s] -- Up-to-date symlink: /workspace/p5_pkg/install/p5_pkg/share/ament_index/resource_index/parent_prefix_path/p5_pkg
[7.506s] -- Up-to-date symlink: /workspace/p5_pkg/install/p5_pkg/share/p5_pkg/environment/ament_prefix_path.sh
[7.506s] -- Up-to-date symlink: /workspace/p5_pkg/install/p5_pkg/share/p5_pkg/environment/ament_prefix_path.dsv
[7.506s] -- Up-to-date symlink: /workspace/p5_pkg/install/p5_pkg/share/p5_pkg/environment/path.sh
[7.506s] -- Up-to-date symlink: /workspace/p5_pkg/install/p5_pkg/share/p5_pkg/environment/path.dsv
[7.506s] -- Up-to-date symlink: /workspace/p5_pkg/install/p5_pkg/share/p5_pkg/local_setup.bash
[7.506s] -- Up-to-date symlink: /workspace/p5_pkg/install/p5_pkg/share/p5_pkg/local_setup.sh
[7.506s] -- Up-to-date symlink: /workspace/p5_pkg/install/p5_pkg/share/p5_pkg/local_setup.zsh
[7.506s] -- Up-to-date symlink: /workspace/p5_pkg/install/p5_pkg/share/p5_pkg/local_setup.dsv
[7.506s] -- Symlinking: /workspace/p5_pkg/install/p5_pkg/share/p5_pkg/package.dsv
[7.510s] -- Up-to-date symlink: /workspace/p5_pkg/install/p5_pkg/share/ament_index/resource_index/packages/p5_pkg
[7.510s] -- Up-to-date symlink: /workspace/p5_pkg/install/p5_pkg/share/p5_pkg/cmake/ament_cmake_export_dependencies-extras.cmake
[7.510s] -- Up-to-date symlink: /workspace/p5_pkg/install/p5_pkg/share/p5_pkg/cmake/p5_pkgConfig.cmake
[7.511s] -- Up-to-date symlink: /workspace/p5_pkg/install/p5_pkg/share/p5_pkg/cmake/p5_pkgConfig-version.cmake
[7.511s] -- Up-to-date symlink: /workspace/p5_pkg/install/p5_pkg/share/p5_pkg/package.xml
[7.512s] Invoked command in '/workspace/p5_pkg/build/p5_pkg' returned '0': CMAKE_PREFIX_PATH=/opt/ros/humble /usr/bin/cmake --install /workspace/p5_pkg/build/p5_pkg
