[0.026s] Invoking command in '/workspace/p5_pkg/build/p5_pkg': CMAKE_PREFIX_PATH=/opt/ros/humble /usr/bin/cmake --build /workspace/p5_pkg/build/p5_pkg -- -j20 -l20
[0.066s] [ 80%] Built target move_action_node
[0.067s] [ 80%] Built target fill_box_action_node
[0.067s] [ 90%] Built target deliver_supply_to_workstation_action_node
[0.067s] [ 90%] Built target load_box_action_node
[0.067s] [100%] Built target leave_box_action_node
[0.074s] Invoked command in '/workspace/p5_pkg/build/p5_pkg' returned '0': CMAKE_PREFIX_PATH=/opt/ros/humble /usr/bin/cmake --build /workspace/p5_pkg/build/p5_pkg -- -j20 -l20
[0.096s] Invoking command in '/workspace/p5_pkg/build/p5_pkg': CMAKE_PREFIX_PATH=/opt/ros/humble /usr/bin/cmake --install /workspace/p5_pkg/build/p5_pkg
[0.100s] -- Install configuration: ""
[0.100s] -- Execute custom install script
[0.100s] -- Up-to-date symlink: /workspace/p5_pkg/install/p5_pkg/share/p5_pkg/launch/commands
[0.100s] -- Up-to-date symlink: /workspace/p5_pkg/install/p5_pkg/share/p5_pkg/launch/p5_pkg_launch.py
[0.101s] -- Up-to-date symlink: /workspace/p5_pkg/install/p5_pkg/share/p5_pkg/pddl/domain.pddl
[0.101s] -- Up-to-date symlink: /workspace/p5_pkg/install/p5_pkg/lib/p5_pkg/move_action_node
[0.101s] -- Up-to-date symlink: /workspace/p5_pkg/install/p5_pkg/lib/p5_pkg/load_box_action_node
[0.101s] -- Up-to-date symlink: /workspace/p5_pkg/install/p5_pkg/lib/p5_pkg/leave_box_action_node
[0.101s] -- Up-to-date symlink: /workspace/p5_pkg/install/p5_pkg/lib/p5_pkg/fill_box_action_node
[0.101s] -- Up-to-date symlink: /workspace/p5_pkg/install/p5_pkg/lib/p5_pkg/deliver_supply_to_workstation_action_node
[0.101s] -- Up-to-date symlink: /workspace/p5_pkg/install/p5_pkg/share/ament_index/resource_index/package_run_dependencies/p5_pkg
[0.101s] -- Up-to-date symlink: /workspace/p5_pkg/install/p5_pkg/share/ament_index/resource_index/parent_prefix_path/p5_pkg
[0.101s] -- Up-to-date symlink: /workspace/p5_pkg/install/p5_pkg/share/p5_pkg/environment/ament_prefix_path.sh
[0.102s] -- Up-to-date symlink: /workspace/p5_pkg/install/p5_pkg/share/p5_pkg/environment/ament_prefix_path.dsv
[0.102s] -- Up-to-date symlink: /workspace/p5_pkg/install/p5_pkg/share/p5_pkg/environment/path.sh
[0.102s] -- Up-to-date symlink: /workspace/p5_pkg/install/p5_pkg/share/p5_pkg/environment/path.dsv
[0.102s] -- Up-to-date symlink: /workspace/p5_pkg/install/p5_pkg/share/p5_pkg/local_setup.bash
[0.102s] -- Up-to-date symlink: /workspace/p5_pkg/install/p5_pkg/share/p5_pkg/local_setup.sh
[0.102s] -- Up-to-date symlink: /workspace/p5_pkg/install/p5_pkg/share/p5_pkg/local_setup.zsh
[0.102s] -- Up-to-date symlink: /workspace/p5_pkg/install/p5_pkg/share/p5_pkg/local_setup.dsv
[0.102s] -- Symlinking: /workspace/p5_pkg/install/p5_pkg/share/p5_pkg/package.dsv
[0.106s] -- Up-to-date symlink: /workspace/p5_pkg/install/p5_pkg/share/ament_index/resource_index/packages/p5_pkg
[0.107s] -- Up-to-date symlink: /workspace/p5_pkg/install/p5_pkg/share/p5_pkg/cmake/ament_cmake_export_dependencies-extras.cmake
[0.107s] -- Up-to-date symlink: /workspace/p5_pkg/install/p5_pkg/share/p5_pkg/cmake/p5_pkgConfig.cmake
[0.107s] -- Up-to-date symlink: /workspace/p5_pkg/install/p5_pkg/share/p5_pkg/cmake/p5_pkgConfig-version.cmake
[0.107s] -- Up-to-date symlink: /workspace/p5_pkg/install/p5_pkg/share/p5_pkg/package.xml
[0.108s] Invoked command in '/workspace/p5_pkg/build/p5_pkg' returned '0': CMAKE_PREFIX_PATH=/opt/ros/humble /usr/bin/cmake --install /workspace/p5_pkg/build/p5_pkg
